<?xml version="1.0" encoding="UTF-8"?>
<testng-results skipped="0" failed="0" ignored="0" total="1" passed="1">
  <reporter-output>
  </reporter-output>
  <suite name="Default suite" duration-ms="32250" started-at="2017-04-23T18:12:36Z" finished-at="2017-04-23T18:13:08Z">
    <groups>
    </groups>
    <test name="Default test" duration-ms="32250" started-at="2017-04-23T18:12:36Z" finished-at="2017-04-23T18:13:08Z">
      <class name="Jenkinstest.Sample">
        <test-method status="PASS" signature="Test_1()[pri:0, instance:Jenkinstest.Sample@1774679]" name="Test_1" duration-ms="32226" started-at="2017-04-23T23:42:36Z" finished-at="2017-04-23T23:43:08Z">
          <reporter-output>
          </reporter-output>
        </test-method> <!-- Test_1 -->
      </class> <!-- Jenkinstest.Sample -->
    </test> <!-- Default test -->
  </suite> <!-- Default suite -->
</testng-results>
